<?xml version="1.0" encoding="UTF-8"?>
<!-- Generated by org.testng.reporters.JUnitXMLReporter -->
<testsuite ignored="0" hostname="LAPTOP-8ANFSSC4" failures="1" tests="1" name="Default test" time="158.531" errors="0" timestamp="2022-11-21T11:58:39 IST">
  <testcase classname="io.cucumber.testng.AbstractTestNGCucumberTests" name="runScenario" time="152.725">
    <failure type="java.lang.NullPointerException" message="Cannot invoke &amp;quot;java.io.FileOutputStream.close()&amp;quot; because &amp;quot;out&amp;quot; is null">
      <![CDATA[java.lang.NullPointerException: Cannot invoke "java.io.FileOutputStream.close()" because "out" is null
at com.celtic.automation.cmcs.util.WriteExcelUtil.setCellData(WriteExcelUtil.java:92)
at parallel.RWC_001.user_will_navigate_to_account_section_and_fill_the_data_and_validate_message(RWC_001.java:134)
at ✽.User will navigate to account section and fill the data(file:///C:/Users/HP/Downloads/gitbuild-MyLocalRepository(1)/gitbuild-MyLocalRepository/updated_celtic_project-main/src/test/resources/Parallel/RWC_001.feature:6)
]]>
    </failure>
  </testcase> <!-- runScenario -->
</testsuite> <!-- Default test -->
