<?xml version="1.0" encoding="UTF-8"?>
<!-- Generated by org.testng.reporters.JUnitXMLReporter -->
<testsuite ignored="0" hostname="LAPTOP-8ANFSSC4" failures="1" tests="1" name="Default test" time="182.181" errors="0" timestamp="2022-11-22T13:19:02 IST">
  <testcase classname="io.cucumber.testng.AbstractTestNGCucumberTests" name="runScenario" time="176.96">
    <failure type="java.lang.NullPointerException" message="Cannot invoke &amp;quot;java.io.FileOutputStream.close()&amp;quot; because &amp;quot;out&amp;quot; is null">
      <![CDATA[java.lang.NullPointerException: Cannot invoke "java.io.FileOutputStream.close()" because "out" is null
at com.celtic.automation.cmcs.util.WriteExcelUtil.setCellData(WriteExcelUtil.java:92)
at parallel.RWC_002.user_should_navigate_to_account_screen_and_provides_all_the_required_input_to_proceed(RWC_002.java:122)
at ✽.User should navigate to Account screen and provides all the required input to proceed(file:///C:/Users/HP/Downloads/gitbuild-MyLocalRepository(1)/gitbuild-MyLocalRepository/updated_celtic_project-main/src/test/resources/Parallel/RWC_002.feature:6)
]]>
    </failure>
  </testcase> <!-- runScenario -->
</testsuite> <!-- Default test -->
