<?xml version="1.0" encoding="UTF-8"?>
<!-- Generated by org.testng.reporters.JUnitReportReporter -->
<testsuite hostname="LAPTOP-8ANFSSC4" failures="0" tests="1" name="testrunner.MyTestRunner" time="176.960" errors="1" timestamp="2022-11-22T13:19:02 IST" skipped="0">
  <testcase classname="testrunner.MyTestRunner" name="runScenario" time="176.960">
    <error message="Cannot invoke &quot;java.io.FileOutputStream.close()&quot; because &quot;out&quot; is null" type="java.lang.NullPointerException">
      <![CDATA[java.lang.NullPointerException: Cannot invoke "java.io.FileOutputStream.close()" because "out" is null
at com.celtic.automation.cmcs.util.WriteExcelUtil.setCellData(WriteExcelUtil.java:92)
at parallel.RWC_002.user_should_navigate_to_account_screen_and_provides_all_the_required_input_to_proceed(RWC_002.java:122)
at ✽.User should navigate to Account screen and provides all the required input to proceed(file:///C:/Users/HP/Downloads/gitbuild-MyLocalRepository(1)/gitbuild-MyLocalRepository/updated_celtic_project-main/src/test/resources/Parallel/RWC_002.feature:6)
]]>
    </error>
  </testcase> <!-- runScenario -->
  <system-out/>
</testsuite> <!-- testrunner.MyTestRunner -->
