<?xml version="1.0" encoding="UTF-8"?>
<!-- Generated by org.testng.reporters.JUnitReportReporter -->
<testsuite hostname="LAPTOP-8ANFSSC4" failures="0" tests="1" name="testrunner.MyTestRunner" time="152.725" errors="1" timestamp="2022-11-21T11:58:40 IST" skipped="0">
  <testcase classname="testrunner.MyTestRunner" name="runScenario" time="152.725">
    <error message="Cannot invoke &quot;java.io.FileOutputStream.close()&quot; because &quot;out&quot; is null" type="java.lang.NullPointerException">
      <![CDATA[java.lang.NullPointerException: Cannot invoke "java.io.FileOutputStream.close()" because "out" is null
at com.celtic.automation.cmcs.util.WriteExcelUtil.setCellData(WriteExcelUtil.java:92)
at parallel.RWC_001.user_will_navigate_to_account_section_and_fill_the_data_and_validate_message(RWC_001.java:134)
at ✽.User will navigate to account section and fill the data(file:///C:/Users/HP/Downloads/gitbuild-MyLocalRepository(1)/gitbuild-MyLocalRepository/updated_celtic_project-main/src/test/resources/Parallel/RWC_001.feature:6)
]]>
    </error>
  </testcase> <!-- runScenario -->
  <system-out/>
</testsuite> <!-- testrunner.MyTestRunner -->
