<?xml version="1.0" encoding="UTF-8"?>
<testng-results skipped="0" failed="0" ignored="0" total="0" passed="0">
  <reporter-output>
  </reporter-output>
  <suite name="Default suite" duration-ms="479" started-at="2022-06-08T07:33:40Z" finished-at="2022-06-08T07:33:41Z">
    <groups>
      <group name="cucumber">
        <method signature="AbstractTestNGCucumberTests.runScenario(io.cucumber.testng.PickleWrapper, io.cucumber.testng.FeatureWrapper)[pri:0, instance:parallel.ParallelRun@4f6ee6e4]" name="runScenario" class="io.cucumber.testng.AbstractTestNGCucumberTests"/>
      </group> <!-- cucumber -->
    </groups>
    <test name="Default test" duration-ms="479" started-at="2022-06-08T07:33:40Z" finished-at="2022-06-08T07:33:41Z">
      <class name="parallel.ParallelRun">
        <test-method status="FAIL" signature="setUpClass()[pri:0, instance:parallel.ParallelRun@4f6ee6e4]" name="setUpClass" is-config="true" duration-ms="460" started-at="2022-06-08T07:33:40Z" finished-at="2022-06-08T07:33:41Z">
          <exception class="java.lang.NoSuchMethodError">
            <message>
              <![CDATA[io.cucumber.messages.ProtocolVersion.getVersion()Ljava/util/Optional;]]>
            </message>
            <full-stacktrace>
              <![CDATA[java.lang.NoSuchMethodError: io.cucumber.messages.ProtocolVersion.getVersion()Ljava/util/Optional;
at io.cucumber.createmeta.CreateMeta.createMeta(CreateMeta.java:51)
at io.cucumber.core.runtime.CucumberExecutionContext.emitMeta(CucumberExecutionContext.java:57)
at io.cucumber.core.runtime.CucumberExecutionContext.startTestRun(CucumberExecutionContext.java:51)
at io.cucumber.testng.TestNGCucumberRunner.<init>(TestNGCucumberRunner.java:108)
at io.cucumber.testng.AbstractTestNGCucumberTests.setUpClass(AbstractTestNGCucumberTests.java:23)
at sun.reflect.NativeMethodAccessorImpl.invoke0(Native Method)
at sun.reflect.NativeMethodAccessorImpl.invoke(Unknown Source)
at sun.reflect.DelegatingMethodAccessorImpl.invoke(Unknown Source)
at java.lang.reflect.Method.invoke(Unknown Source)
at org.testng.internal.MethodInvocationHelper.invokeMethod(MethodInvocationHelper.java:124)
at org.testng.internal.MethodInvocationHelper.invokeMethodConsideringTimeout(MethodInvocationHelper.java:59)
at org.testng.internal.Invoker.invokeConfigurationMethod(Invoker.java:458)
at org.testng.internal.Invoker.invokeConfigurations(Invoker.java:222)
at org.testng.internal.Invoker.invokeConfigurations(Invoker.java:142)
at org.testng.internal.TestMethodWorker.invokeBeforeClassMethods(TestMethodWorker.java:168)
at org.testng.internal.TestMethodWorker.run(TestMethodWorker.java:105)
at org.testng.TestRunner.privateRun(TestRunner.java:648)
at org.testng.TestRunner.run(TestRunner.java:505)
at org.testng.SuiteRunner.runTest(SuiteRunner.java:455)
at org.testng.SuiteRunner.runSequentially(SuiteRunner.java:450)
at org.testng.SuiteRunner.privateRun(SuiteRunner.java:415)
at org.testng.SuiteRunner.run(SuiteRunner.java:364)
at org.testng.SuiteRunnerWorker.runSuite(SuiteRunnerWorker.java:52)
at org.testng.SuiteRunnerWorker.run(SuiteRunnerWorker.java:84)
at org.testng.TestNG.runSuitesSequentially(TestNG.java:1208)
at org.testng.TestNG.runSuitesLocally(TestNG.java:1137)
at org.testng.TestNG.runSuites(TestNG.java:1049)
at org.testng.TestNG.run(TestNG.java:1017)
at org.testng.remote.AbstractRemoteTestNG.run(AbstractRemoteTestNG.java:115)
at org.testng.remote.RemoteTestNG.initAndRun(RemoteTestNG.java:251)
at org.testng.remote.RemoteTestNG.main(RemoteTestNG.java:77)
]]>
            </full-stacktrace>
          </exception> <!-- java.lang.NoSuchMethodError -->
          <reporter-output>
          </reporter-output>
        </test-method> <!-- setUpClass -->
        <test-method status="PASS" signature="tearDownClass()[pri:0, instance:parallel.ParallelRun@4f6ee6e4]" name="tearDownClass" is-config="true" duration-ms="1" started-at="2022-06-08T07:33:41Z" finished-at="2022-06-08T07:33:41Z">
          <reporter-output>
          </reporter-output>
        </test-method> <!-- tearDownClass -->
      </class> <!-- parallel.ParallelRun -->
    </test> <!-- Default test -->
  </suite> <!-- Default suite -->
</testng-results>
